<?xml version="1.0" encoding="UTF-8"?>
<testng-results ignored="0" total="1" passed="1" failed="0" skipped="0">
  <reporter-output>
  </reporter-output>
  <suite started-at="2020-03-25T21:47:04Z" name="Surefire suite" finished-at="2020-03-25T21:47:28Z" duration-ms="23948">
    <groups>
    </groups>
    <test started-at="2020-03-25T21:47:04Z" name="Surefire test" finished-at="2020-03-25T21:47:28Z" duration-ms="23948">
      <class name="test.LoginTest">
        <test-method signature="loginTest()[pri:0, instance:test.LoginTest@78ac1102]" started-at="2020-03-25T16:47:04Z" name="loginTest" finished-at="2020-03-25T16:47:28Z" duration-ms="23932" status="PASS">
          <reporter-output>
          </reporter-output>
        </test-method> <!-- loginTest -->
      </class> <!-- test.LoginTest -->
    </test> <!-- Surefire test -->
  </suite> <!-- Surefire suite -->
</testng-results>
